SF:lib/feature/data/data_source/local_data_source/local_data_source.dart
DA:7,0
DA:11,0
DA:13,0
DA:15,0
DA:17,0
DA:19,0
DA:21,0
DA:23,0
DA:25,0
DA:27,0
DA:29,0
DA:31,0
DA:33,0
LF:13
LH:0
end_of_record
SF:lib/feature/data/data_source/remote_data_source/auth/auth_data_source.dart
DA:13,0
DA:18,0
DA:21,0
DA:23,0
DA:24,0
DA:26,0
DA:27,0
DA:28,0
DA:29,0
DA:31,0
DA:32,0
DA:36,0
DA:39,0
DA:41,0
DA:42,0
DA:46,0
DA:48,0
DA:49,0
DA:51,0
DA:52,0
DA:53,0
DA:55,0
DA:57,0
DA:59,0
LF:24
LH:0
end_of_record
SF:lib/feature/data/data_source/remote_data_source/cart/cart_data_source.dart
DA:8,0
DA:11,0
DA:13,0
DA:15,0
DA:17,0
DA:19,0
DA:20,0
LF:7
LH:0
end_of_record
SF:lib/feature/data/data_source/remote_data_source/favorites/favorites_data_source.dart
DA:8,0
DA:11,0
DA:13,0
DA:15,0
DA:17,0
DA:19,0
DA:21,0
LF:7
LH:0
end_of_record
SF:lib/feature/data/data_source/remote_data_source/order/order_data_source.dart
DA:7,0
DA:11,0
DA:12,0
LF:3
LH:0
end_of_record
SF:lib/feature/data/data_source/remote_data_source/products/products_data_source.dart
DA:8,0
DA:10,0
DA:12,0
LF:3
LH:0
end_of_record
SF:lib/feature/data/model/cart/cart_dto.dart
DA:21,1
DA:26,2
DA:28,0
DA:29,0
DA:32,0
LF:5
LH:2
end_of_record
SF:lib/feature/data/model/cart/cart_dto.g.dart
DA:9,2
DA:10,2
DA:11,1
DA:12,3
DA:13,1
LF:5
LH:5
end_of_record
SF:lib/feature/data/model/product/product_dto.dart
DA:22,1
DA:31,2
DA:33,1
DA:34,1
DA:35,1
DA:36,1
DA:37,1
DA:38,1
DA:39,1
DA:40,1
DA:44,0
DA:45,0
LF:12
LH:10
end_of_record
SF:lib/feature/data/model/product/product_dto.g.dart
DA:9,2
DA:10,1
DA:11,1
DA:12,1
DA:13,1
DA:14,1
DA:15,1
LF:7
LH:7
end_of_record
SF:lib/feature/data/services/auth/auth_service.g.dart
DA:14,0
DA:23,0
DA:26,0
DA:27,0
DA:29,0
DA:30,0
DA:35,0
DA:36,0
DA:41,0
DA:42,0
DA:43,0
DA:44,0
DA:46,0
DA:50,0
DA:53,0
DA:54,0
DA:56,0
DA:57,0
DA:62,0
DA:63,0
DA:68,0
DA:69,0
DA:70,0
DA:71,0
DA:73,0
DA:77,0
DA:78,0
DA:79,0
DA:80,0
DA:81,0
DA:82,0
DA:84,0
DA:90,0
DA:94,0
DA:98,0
DA:100,0
DA:101,0
DA:104,0
LF:38
LH:0
end_of_record
SF:lib/feature/data/model/auth/auth_response_dto.dart
DA:17,1
DA:22,0
DA:23,0
DA:26,0
DA:27,0
LF:5
LH:1
end_of_record
SF:lib/feature/data/model/auth/auth_response_dto.g.dart
DA:9,0
DA:10,0
DA:11,0
DA:12,0
LF:4
LH:0
end_of_record
SF:lib/feature/data/model/auth/free_token_response_dto.dart
DA:17,1
DA:22,0
DA:23,0
DA:26,0
DA:27,0
LF:5
LH:1
end_of_record
SF:lib/feature/data/model/auth/free_token_response_dto.g.dart
DA:9,0
DA:11,0
DA:12,0
DA:13,0
LF:4
LH:0
end_of_record
SF:lib/feature/data/services/cart/cart_service.g.dart
DA:14,0
DA:23,0
DA:26,0
DA:27,0
DA:30,0
DA:35,0
DA:36,0
DA:41,0
DA:42,0
DA:43,0
DA:44,0
DA:46,0
DA:50,0
DA:53,0
DA:54,0
DA:57,0
DA:62,0
DA:63,0
DA:68,0
DA:69,0
DA:70,0
DA:71,0
DA:73,0
DA:77,0
DA:80,0
DA:81,0
DA:84,0
DA:89,0
DA:90,0
DA:95,0
DA:96,0
DA:97,0
DA:98,0
DA:100,0
DA:104,0
DA:105,0
DA:106,0
DA:107,0
DA:108,0
DA:109,0
DA:111,0
DA:117,0
DA:121,0
DA:125,0
DA:127,0
DA:128,0
DA:131,0
LF:47
LH:0
end_of_record
SF:lib/feature/data/services/favorites/favorites_service.g.dart
DA:14,0
DA:23,0
DA:26,0
DA:27,0
DA:29,0
DA:30,0
DA:35,0
DA:36,0
DA:41,0
DA:42,0
DA:43,0
DA:44,0
DA:46,0
DA:48,0
DA:53,0
DA:56,0
DA:57,0
DA:59,0
DA:60,0
DA:65,0
DA:66,0
DA:71,0
DA:72,0
DA:73,0
DA:74,0
DA:76,0
DA:78,0
DA:83,0
DA:86,0
DA:87,0
DA:89,0
DA:90,0
DA:95,0
DA:96,0
DA:101,0
DA:102,0
DA:103,0
DA:104,0
DA:106,0
DA:108,0
DA:113,0
DA:114,0
DA:115,0
DA:116,0
DA:117,0
DA:118,0
DA:120,0
DA:126,0
DA:130,0
DA:134,0
DA:136,0
DA:137,0
DA:140,0
LF:53
LH:0
end_of_record
SF:lib/feature/data/services/order/order_service.g.dart
DA:14,0
DA:23,0
DA:26,0
DA:27,0
DA:29,0
DA:34,0
DA:35,0
DA:40,0
DA:41,0
DA:42,0
DA:43,0
DA:45,0
DA:49,0
DA:50,0
DA:51,0
DA:52,0
DA:53,0
DA:54,0
DA:56,0
DA:62,0
DA:66,0
DA:70,0
DA:72,0
DA:73,0
DA:76,0
LF:25
LH:0
end_of_record
SF:lib/feature/data/services/products/products_service.g.dart
DA:14,0
DA:23,0
DA:26,0
DA:27,0
DA:29,0
DA:30,0
DA:35,0
DA:36,0
DA:41,0
DA:42,0
DA:43,0
DA:44,0
DA:46,0
DA:48,0
DA:53,0
DA:54,0
DA:55,0
DA:56,0
DA:57,0
DA:58,0
DA:60,0
DA:66,0
DA:70,0
DA:74,0
DA:76,0
DA:77,0
DA:80,0
LF:27
LH:0
end_of_record
SF:lib/core/common/errors_bus/errors_bus.dart
DA:13,1
DA:15,0
DA:17,0
DA:20,0
DA:21,0
DA:25,0
DA:27,0
LF:7
LH:1
end_of_record
SF:lib/feature/data/model/cart/mapper/cart_mapper.dart
DA:7,1
DA:8,1
DA:9,1
DA:10,2
DA:14,1
DA:15,1
DA:17,3
DA:18,1
DA:19,1
DA:20,1
DA:21,2
DA:24,1
DA:26,2
DA:28,3
DA:29,1
DA:30,1
DA:31,1
DA:32,2
DA:33,1
DA:35,1
DA:41,1
DA:42,1
DA:44,3
DA:45,1
DA:46,1
DA:47,1
DA:48,2
DA:51,1
DA:53,2
DA:55,3
DA:56,1
DA:57,1
DA:58,1
DA:59,2
DA:60,1
DA:62,1
DA:68,1
DA:71,3
DA:72,3
LF:39
LH:39
end_of_record
SF:lib/feature/data/repository/auth/auth_repository.dart
DA:6,1
DA:8,1
DA:10,2
DA:12,1
DA:14,2
LF:5
LH:5
end_of_record
SF:lib/feature/data/repository/cart/cart_repository.dart
DA:8,1
DA:11,1
DA:12,1
DA:13,2
DA:16,1
DA:17,1
DA:18,2
DA:21,1
DA:22,1
DA:23,2
LF:10
LH:10
end_of_record
SF:lib/feature/data/repository/favorites/favorites_repository.dart
DA:9,1
DA:12,1
DA:14,2
DA:15,1
DA:16,1
DA:18,1
DA:20,2
DA:21,1
DA:22,1
DA:24,1
DA:26,4
LF:11
LH:11
end_of_record
SF:lib/feature/data/repository/order/order_repository.dart
DA:7,1
DA:10,1
DA:11,2
LF:3
LH:3
end_of_record
SF:lib/feature/data/repository/products/products_repository.dart
DA:9,1
DA:13,1
DA:15,4
LF:3
LH:3
end_of_record
SF:lib/feature/domain/managers/cart/cart_manager.dart
DA:20,0
DA:22,1
DA:30,1
DA:31,1
DA:35,1
DA:38,3
DA:40,1
DA:42,1
DA:44,1
DA:46,1
DA:47,1
DA:48,1
DA:54,1
DA:56,2
DA:58,2
DA:60,3
DA:61,2
DA:63,2
DA:65,0
DA:67,0
DA:73,0
DA:76,0
DA:78,0
DA:80,0
DA:85,1
DA:88,3
DA:90,1
DA:92,1
DA:94,1
DA:96,5
DA:98,2
DA:99,1
DA:102,1
DA:104,2
DA:106,2
DA:108,3
DA:109,2
DA:111,2
DA:113,0
DA:115,0
DA:120,1
DA:123,3
DA:124,2
DA:126,2
DA:127,2
DA:129,2
DA:131,0
DA:133,0
DA:138,0
DA:140,0
DA:143,0
DA:145,0
DA:146,0
DA:147,0
DA:150,1
DA:152,1
LF:56
LH:39
end_of_record
SF:lib/feature/domain/managers/favorites/favorites_manager.dart
DA:14,0
DA:16,1
DA:22,1
DA:24,1
DA:29,1
DA:32,3
DA:34,1
DA:35,2
DA:38,3
DA:40,2
DA:42,2
DA:44,0
DA:46,0
DA:51,1
DA:54,3
DA:57,5
DA:58,1
DA:60,2
DA:63,3
DA:64,2
DA:66,2
DA:68,0
DA:70,0
DA:75,1
DA:78,4
DA:79,2
DA:81,2
DA:82,2
DA:84,2
DA:86,0
DA:88,0
DA:93,0
DA:95,0
DA:98,0
DA:100,0
DA:101,0
DA:104,1
DA:106,1
LF:38
LH:26
end_of_record
SF:lib/feature/domain/managers/products/products_manager.dart
DA:15,0
DA:17,1
DA:25,1
DA:26,1
DA:28,1
DA:30,1
DA:35,1
DA:36,1
DA:44,1
DA:46,1
DA:51,1
DA:54,2
DA:56,2
DA:57,1
DA:59,0
DA:60,0
DA:65,1
DA:67,3
DA:73,1
DA:75,2
DA:77,2
DA:79,5
DA:81,1
DA:83,2
DA:86,1
DA:88,3
DA:94,1
DA:95,3
DA:97,1
DA:103,2
DA:106,1
DA:108,3
DA:113,3
DA:115,2
DA:117,2
DA:118,0
DA:123,5
DA:125,2
DA:128,0
DA:130,0
DA:131,0
DA:133,0
DA:135,0
DA:138,0
DA:140,0
DA:143,0
DA:144,0
LF:47
LH:34
end_of_record
SF:lib/core/exception/app_exceptions.dart
DA:4,1
DA:8,0
DA:12,1
DA:16,1
DA:20,1
DA:24,1
LF:6
LH:5
end_of_record
SF:lib/feature/data/model/product/mapper/mapper.dart
DA:5,1
DA:6,1
DA:7,1
DA:8,3
DA:9,1
DA:10,1
DA:11,1
DA:12,1
LF:8
LH:8
end_of_record
